# JRE version: OpenJDK Runtime Environment (8.0_252-b09) (build 1.8.0_252-b09)
# Java VM: OpenJDK 64-Bit Server VM (25.252-b09 mixed mode windows-amd64 compressed oops)
Heap:
 PSYoungGen      total 387072K, used 332517K [0x0000000755f00000, 0x000000076e900000, 0x00000007c0000000)
  eden space 370688K, 89% used [0x0000000755f00000,0x000000076a3b97f8,0x000000076c900000)
  from space 16384K, 0% used [0x000000076d900000,0x000000076d900000,0x000000076e900000)
  to   space 16384K, 0% used [0x000000076c900000,0x000000076c900000,0x000000076d900000)
 ParOldGen       total 141824K, used 11998K [0x0000000681c00000, 0x000000068a680000, 0x0000000755f00000)
  object space 141824K, 8% used [0x0000000681c00000,0x00000006827b7808,0x000000068a680000)
 Metaspace       used 39665K, capacity 42842K, committed 43008K, reserved 1087488K
  class space    used 4650K, capacity 5258K, committed 5376K, reserved 1048576K
GC Heap History (10 events):
Event: 276.844 GC heap before
{Heap before GC invocations=15 (full 5):
 PSYoungGen      total 387072K, used 3110K [0x0000000755f00000, 0x000000076e900000, 0x00000007c0000000)
  eden space 370688K, 0% used [0x0000000755f00000,0x0000000755f00000,0x000000076c900000)
  from space 16384K, 18% used [0x000000076d900000,0x000000076dc09a78,0x000000076e900000)
  to   space 16384K, 0% used [0x000000076c900000,0x000000076c900000,0x000000076d900000)
 ParOldGen       total 141824K, used 13060K [0x0000000681c00000, 0x000000068a680000, 0x0000000755f00000)
  object space 141824K, 9% used [0x0000000681c00000,0x00000006828c1310,0x000000068a680000)
 Metaspace       used 38326K, capacity 41044K, committed 41088K, reserved 1085440K
  class space    used 4536K, capacity 4978K, committed 4992K, reserved 1048576K
Event: 276.914 GC heap after
Heap after GC invocations=15 (full 5):
 PSYoungGen      total 387072K, used 0K [0x0000000755f00000, 0x000000076e900000, 0x00000007c0000000)
  eden space 370688K, 0% used [0x0000000755f00000,0x0000000755f00000,0x000000076c900000)
  from space 16384K, 0% used [0x000000076d900000,0x000000076d900000,0x000000076e900000)
  to   space 16384K, 0% used [0x000000076c900000,0x000000076c900000,0x000000076d900000)
 ParOldGen       total 141824K, used 11916K [0x0000000681c00000, 0x000000068a680000, 0x0000000755f00000)
  object space 141824K, 8% used [0x0000000681c00000,0x00000006827a3300,0x000000068a680000)
 Metaspace       used 38324K, capacity 41038K, committed 41088K, reserved 1085440K
  class space    used 4536K, capacity 4976K, committed 4992K, reserved 1048576K
}
Event: 459.335 GC heap before
{Heap before GC invocations=16 (full 5):
 PSYoungGen      total 387072K, used 294453K [0x0000000755f00000, 0x000000076e900000, 0x00000007c0000000)
  eden space 370688K, 79% used [0x0000000755f00000,0x0000000767e8d6c0,0x000000076c900000)
  from space 16384K, 0% used [0x000000076d900000,0x000000076d900000,0x000000076e900000)
  to   space 16384K, 0% used [0x000000076c900000,0x000000076c900000,0x000000076d900000)
 ParOldGen       total 141824K, used 11916K [0x0000000681c00000, 0x000000068a680000, 0x0000000755f00000)
  object space 141824K, 8% used [0x0000000681c00000,0x00000006827a3300,0x000000068a680000)
 Metaspace       used 38814K, capacity 41756K, committed 41984K, reserved 1085440K
  class space    used 4577K, capacity 5104K, committed 5120K, reserved 1048576K
Event: 459.337 GC heap after
Heap after GC invocations=16 (full 5):
 PSYoungGen      total 387072K, used 3078K [0x0000000755f00000, 0x000000076e900000, 0x00000007c0000000)
  eden space 370688K, 0% used [0x0000000755f00000,0x0000000755f00000,0x000000076c900000)
  from space 16384K, 18% used [0x000000076c900000,0x000000076cc01a78,0x000000076d900000)
  to   space 16384K, 0% used [0x000000076d900000,0x000000076d900000,0x000000076e900000)
 ParOldGen       total 141824K, used 11924K [0x0000000681c00000, 0x000000068a680000, 0x0000000755f00000)
  object space 141824K, 8% used [0x0000000681c00000,0x00000006827a5300,0x000000068a680000)
 Metaspace       used 38814K, capacity 41756K, committed 41984K, reserved 1085440K
  class space    used 4577K, capacity 5104K, committed 5120K, reserved 1048576K
}
Event: 459.337 GC heap before
{Heap before GC invocations=17 (full 6):
 PSYoungGen      total 387072K, used 3078K [0x0000000755f00000, 0x000000076e900000, 0x00000007c0000000)
  eden space 370688K, 0% used [0x0000000755f00000,0x0000000755f00000,0x000000076c900000)
  from space 16384K, 18% used [0x000000076c900000,0x000000076cc01a78,0x000000076d900000)
  to   space 16384K, 0% used [0x000000076d900000,0x000000076d900000,0x000000076e900000)
 ParOldGen       total 141824K, used 11924K [0x0000000681c00000, 0x000000068a680000, 0x0000000755f00000)
  object space 141824K, 8% used [0x0000000681c00000,0x00000006827a5300,0x000000068a680000)
 Metaspace       used 38814K, capacity 41756K, committed 41984K, reserved 1085440K
  class space    used 4577K, capacity 5104K, committed 5120K, reserved 1048576K
Event: 459.402 GC heap after
Heap after GC invocations=17 (full 6):
 PSYoungGen      total 387072K, used 0K [0x0000000755f00000, 0x000000076e900000, 0x00000007c0000000)
  eden space 370688K, 0% used [0x0000000755f00000,0x0000000755f00000,0x000000076c900000)
  from space 16384K, 0% used [0x000000076c900000,0x000000076c900000,0x000000076d900000)
  to   space 16384K, 0% used [0x000000076d900000,0x000000076d900000,0x000000076e900000)
 ParOldGen       total 141824K, used 12067K [0x0000000681c00000, 0x000000068a680000, 0x0000000755f00000)
  object space 141824K, 8% used [0x0000000681c00000,0x00000006827c8cc8,0x000000068a680000)
 Metaspace       used 38812K, capacity 41750K, committed 41984K, reserved 1085440K
  class space    used 4576K, capacity 5102K, committed 5120K, reserved 1048576K
}
Event: 682.316 GC heap before
{Heap before GC invocations=18 (full 6):
 PSYoungGen      total 387072K, used 294804K [0x0000000755f00000, 0x000000076e900000, 0x00000007c0000000)
  eden space 370688K, 79% used [0x0000000755f00000,0x0000000767ee5108,0x000000076c900000)
  from space 16384K, 0% used [0x000000076c900000,0x000000076c900000,0x000000076d900000)
  to   space 16384K, 0% used [0x000000076d900000,0x000000076d900000,0x000000076e900000)
 ParOldGen       total 141824K, used 12067K [0x0000000681c00000, 0x000000068a680000, 0x0000000755f00000)
  object space 141824K, 8% used [0x0000000681c00000,0x00000006827c8cc8,0x000000068a680000)
 Metaspace       used 39070K, capacity 42080K, committed 42368K, reserved 1087488K
  class space    used 4586K, capacity 5144K, committed 5248K, reserved 1048576K
Event: 682.318 GC heap after
Heap after GC invocations=18 (full 6):
 PSYoungGen      total 387072K, used 2952K [0x0000000755f00000, 0x000000076e900000, 0x00000007c0000000)
  eden space 370688K, 0% used [0x0000000755f00000,0x0000000755f00000,0x000000076c900000)
  from space 16384K, 18% used [0x000000076d900000,0x000000076dbe2298,0x000000076e900000)
  to   space 16384K, 0% used [0x000000076c900000,0x000000076c900000,0x000000076d900000)
 ParOldGen       total 141824K, used 12075K [0x0000000681c00000, 0x000000068a680000, 0x0000000755f00000)
  object space 141824K, 8% used [0x0000000681c00000,0x00000006827cacc8,0x000000068a680000)
 Metaspace       used 39070K, capacity 42080K, committed 42368K, reserved 1087488K
  class space    used 4586K, capacity 5144K, committed 5248K, reserved 1048576K
}
Event: 682.318 GC heap before
{Heap before GC invocations=19 (full 7):
 PSYoungGen      total 387072K, used 2952K [0x0000000755f00000, 0x000000076e900000, 0x00000007c0000000)
  eden space 370688K, 0% used [0x0000000755f00000,0x0000000755f00000,0x000000076c900000)
  from space 16384K, 18% used [0x000000076d900000,0x000000076dbe2298,0x000000076e900000)
  to   space 16384K, 0% used [0x000000076c900000,0x000000076c900000,0x000000076d900000)
 ParOldGen       total 141824K, used 12075K [0x0000000681c00000, 0x000000068a680000, 0x0000000755f00000)
  object space 141824K, 8% used [0x0000000681c00000,0x00000006827cacc8,0x000000068a680000)
 Metaspace       used 39070K, capacity 42080K, committed 42368K, reserved 1087488K
  class space    used 4586K, capacity 5144K, committed 5248K, reserved 1048576K
Event: 682.374 GC heap after
Heap after GC invocations=19 (full 7):
 PSYoungGen      total 387072K, used 0K [0x0000000755f00000, 0x000000076e900000, 0x00000007c0000000)
  eden space 370688K, 0% used [0x0000000755f00000,0x0000000755f00000,0x000000076c900000)
  from space 16384K, 0% used [0x000000076d900000,0x000000076d900000,0x000000076e900000)
  to   space 16384K, 0% used [0x000000076c900000,0x000000076c900000,0x000000076d900000)
 ParOldGen       total 141824K, used 11998K [0x0000000681c00000, 0x000000068a680000, 0x0000000755f00000)
  object space 141824K, 8% used [0x0000000681c00000,0x00000006827b7808,0x000000068a680000)
 Metaspace       used 39067K, capacity 42074K, committed 42368K, reserved 1087488K
  class space    used 4586K, capacity 5142K, committed 5248K, reserved 1048576K
}

