# JRE version: OpenJDK Runtime Environment (8.0_252-b09) (build 1.8.0_252-b09)
# Java VM: OpenJDK 64-Bit Server VM (25.252-b09 mixed mode windows-amd64 compressed oops)
Heap:
 PSYoungGen      total 287744K, used 195909K [0x0000000755f00000, 0x0000000768500000, 0x00000007c0000000)
  eden space 274432K, 71% used [0x0000000755f00000,0x0000000761e516d8,0x0000000766b00000)
  from space 13312K, 0% used [0x0000000767800000,0x0000000767800000,0x0000000768500000)
  to   space 13312K, 0% used [0x0000000766b00000,0x0000000766b00000,0x0000000767800000)
 ParOldGen       total 182784K, used 10807K [0x0000000681c00000, 0x000000068ce80000, 0x0000000755f00000)
  object space 182784K, 5% used [0x0000000681c00000,0x000000068268dc50,0x000000068ce80000)
 Metaspace       used 39467K, capacity 42424K, committed 42752K, reserved 1087488K
  class space    used 4596K, capacity 5082K, committed 5120K, reserved 1048576K
GC Heap History (10 events):
Event: 1357.235 GC heap before
{Heap before GC invocations=18 (full 6):
 PSYoungGen      total 296448K, used 239722K [0x0000000755f00000, 0x0000000768e80000, 0x00000007c0000000)
  eden space 282624K, 84% used [0x0000000755f00000,0x000000076491ab18,0x0000000767300000)
  from space 13824K, 0% used [0x0000000767300000,0x0000000767300000,0x0000000768080000)
  to   space 13824K, 0% used [0x0000000768100000,0x0000000768100000,0x0000000768e80000)
 ParOldGen       total 182784K, used 11855K [0x0000000681c00000, 0x000000068ce80000, 0x0000000755f00000)
  object space 182784K, 6% used [0x0000000681c00000,0x0000000682793fc0,0x000000068ce80000)
 Metaspace       used 38731K, capacity 41460K, committed 41728K, reserved 1085440K
  class space    used 4553K, capacity 5005K, committed 5120K, reserved 1048576K
Event: 1357.237 GC heap after
Heap after GC invocations=18 (full 6):
 PSYoungGen      total 295936K, used 2918K [0x0000000755f00000, 0x0000000768d80000, 0x00000007c0000000)
  eden space 283136K, 0% used [0x0000000755f00000,0x0000000755f00000,0x0000000767380000)
  from space 12800K, 22% used [0x0000000768100000,0x00000007683d9a78,0x0000000768d80000)
  to   space 13312K, 0% used [0x0000000767380000,0x0000000767380000,0x0000000768080000)
 ParOldGen       total 182784K, used 11863K [0x0000000681c00000, 0x000000068ce80000, 0x0000000755f00000)
  object space 182784K, 6% used [0x0000000681c00000,0x0000000682795fc0,0x000000068ce80000)
 Metaspace       used 38731K, capacity 41460K, committed 41728K, reserved 1085440K
  class space    used 4553K, capacity 5005K, committed 5120K, reserved 1048576K
}
Event: 1357.237 GC heap before
{Heap before GC invocations=19 (full 7):
 PSYoungGen      total 295936K, used 2918K [0x0000000755f00000, 0x0000000768d80000, 0x00000007c0000000)
  eden space 283136K, 0% used [0x0000000755f00000,0x0000000755f00000,0x0000000767380000)
  from space 12800K, 22% used [0x0000000768100000,0x00000007683d9a78,0x0000000768d80000)
  to   space 13312K, 0% used [0x0000000767380000,0x0000000767380000,0x0000000768080000)
 ParOldGen       total 182784K, used 11863K [0x0000000681c00000, 0x000000068ce80000, 0x0000000755f00000)
  object space 182784K, 6% used [0x0000000681c00000,0x0000000682795fc0,0x000000068ce80000)
 Metaspace       used 38731K, capacity 41460K, committed 41728K, reserved 1085440K
  class space    used 4553K, capacity 5005K, committed 5120K, reserved 1048576K
Event: 1357.273 GC heap after
Heap after GC invocations=19 (full 7):
 PSYoungGen      total 295936K, used 0K [0x0000000755f00000, 0x0000000768d80000, 0x00000007c0000000)
  eden space 283136K, 0% used [0x0000000755f00000,0x0000000755f00000,0x0000000767380000)
  from space 12800K, 0% used [0x0000000768100000,0x0000000768100000,0x0000000768d80000)
  to   space 13312K, 0% used [0x0000000767380000,0x0000000767380000,0x0000000768080000)
 ParOldGen       total 182784K, used 11945K [0x0000000681c00000, 0x000000068ce80000, 0x0000000755f00000)
  object space 182784K, 6% used [0x0000000681c00000,0x00000006827aa590,0x000000068ce80000)
 Metaspace       used 38728K, capacity 41454K, committed 41728K, reserved 1085440K
  class space    used 4552K, capacity 5003K, committed 5120K, reserved 1048576K
}
Event: 2755.933 GC heap before
{Heap before GC invocations=20 (full 7):
 PSYoungGen      total 295936K, used 283136K [0x0000000755f00000, 0x0000000768d80000, 0x00000007c0000000)
  eden space 283136K, 100% used [0x0000000755f00000,0x0000000767380000,0x0000000767380000)
  from space 12800K, 0% used [0x0000000768100000,0x0000000768100000,0x0000000768d80000)
  to   space 13312K, 0% used [0x0000000767380000,0x0000000767380000,0x0000000768080000)
 ParOldGen       total 182784K, used 11945K [0x0000000681c00000, 0x000000068ce80000, 0x0000000755f00000)
  object space 182784K, 6% used [0x0000000681c00000,0x00000006827aa590,0x000000068ce80000)
 Metaspace       used 38928K, capacity 41786K, committed 41984K, reserved 1085440K
  class space    used 4567K, capacity 5028K, committed 5120K, reserved 1048576K
Event: 2755.937 GC heap after
Heap after GC invocations=20 (full 7):
 PSYoungGen      total 278016K, used 3318K [0x0000000755f00000, 0x0000000768500000, 0x00000007c0000000)
  eden space 274432K, 0% used [0x0000000755f00000,0x0000000755f00000,0x0000000766b00000)
  from space 3584K, 92% used [0x0000000767380000,0x00000007676bd8b0,0x0000000767700000)
  to   space 13312K, 0% used [0x0000000767800000,0x0000000767800000,0x0000000768500000)
 ParOldGen       total 182784K, used 11953K [0x0000000681c00000, 0x000000068ce80000, 0x0000000755f00000)
  object space 182784K, 6% used [0x0000000681c00000,0x00000006827ac590,0x000000068ce80000)
 Metaspace       used 38928K, capacity 41786K, committed 41984K, reserved 1085440K
  class space    used 4567K, capacity 5028K, committed 5120K, reserved 1048576K
}
Event: 6362.422 GC heap before
{Heap before GC invocations=21 (full 7):
 PSYoungGen      total 278016K, used 188663K [0x0000000755f00000, 0x0000000768500000, 0x00000007c0000000)
  eden space 274432K, 67% used [0x0000000755f00000,0x0000000761400400,0x0000000766b00000)
  from space 3584K, 92% used [0x0000000767380000,0x00000007676bd8b0,0x0000000767700000)
  to   space 13312K, 0% used [0x0000000767800000,0x0000000767800000,0x0000000768500000)
 ParOldGen       total 182784K, used 11953K [0x0000000681c00000, 0x000000068ce80000, 0x0000000755f00000)
  object space 182784K, 6% used [0x0000000681c00000,0x00000006827ac590,0x000000068ce80000)
 Metaspace       used 39347K, capacity 42308K, committed 42496K, reserved 1087488K
  class space    used 4602K, capacity 5073K, committed 5120K, reserved 1048576K
Event: 6362.424 GC heap after
Heap after GC invocations=21 (full 7):
 PSYoungGen      total 287744K, used 2450K [0x0000000755f00000, 0x0000000768500000, 0x00000007c0000000)
  eden space 274432K, 0% used [0x0000000755f00000,0x0000000755f00000,0x0000000766b00000)
  from space 13312K, 18% used [0x0000000767800000,0x0000000767a64b70,0x0000000768500000)
  to   space 13312K, 0% used [0x0000000766b00000,0x0000000766b00000,0x0000000767800000)
 ParOldGen       total 182784K, used 11961K [0x0000000681c00000, 0x000000068ce80000, 0x0000000755f00000)
  object space 182784K, 6% used [0x0000000681c00000,0x00000006827ae590,0x000000068ce80000)
 Metaspace       used 39347K, capacity 42308K, committed 42496K, reserved 1087488K
  class space    used 4602K, capacity 5073K, committed 5120K, reserved 1048576K
}
Event: 6362.424 GC heap before
{Heap before GC invocations=22 (full 8):
 PSYoungGen      total 287744K, used 2450K [0x0000000755f00000, 0x0000000768500000, 0x00000007c0000000)
  eden space 274432K, 0% used [0x0000000755f00000,0x0000000755f00000,0x0000000766b00000)
  from space 13312K, 18% used [0x0000000767800000,0x0000000767a64b70,0x0000000768500000)
  to   space 13312K, 0% used [0x0000000766b00000,0x0000000766b00000,0x0000000767800000)
 ParOldGen       total 182784K, used 11961K [0x0000000681c00000, 0x000000068ce80000, 0x0000000755f00000)
  object space 182784K, 6% used [0x0000000681c00000,0x00000006827ae590,0x000000068ce80000)
 Metaspace       used 39347K, capacity 42308K, committed 42496K, reserved 1087488K
  class space    used 4602K, capacity 5073K, committed 5120K, reserved 1048576K
Event: 6362.514 GC heap after
Heap after GC invocations=22 (full 8):
 PSYoungGen      total 287744K, used 0K [0x0000000755f00000, 0x0000000768500000, 0x00000007c0000000)
  eden space 274432K, 0% used [0x0000000755f00000,0x0000000755f00000,0x0000000766b00000)
  from space 13312K, 0% used [0x0000000767800000,0x0000000767800000,0x0000000768500000)
  to   space 13312K, 0% used [0x0000000766b00000,0x0000000766b00000,0x0000000767800000)
 ParOldGen       total 182784K, used 10807K [0x0000000681c00000, 0x000000068ce80000, 0x0000000755f00000)
  object space 182784K, 5% used [0x0000000681c00000,0x000000068268dc50,0x000000068ce80000)
 Metaspace       used 39267K, capacity 42176K, committed 42496K, reserved 1087488K
  class space    used 4587K, capacity 5042K, committed 5120K, reserved 1048576K
}

